<?xml version="1.0" encoding="UTF-8"?>
<robot generator="Robot 6.0.2 (Python 3.11.2 on win32)" generated="20230314 19:51:07.326" rpa="false" schemaversion="3">
<suite id="s1" name="TryMat" source="C:\Users\amerr\PycharmProjects\pythonProject4487\TestAuto\TryMat.robot">
<test id="s1-t1" name="HappyMeal" line="5">
<kw name="Open Browser" library="SeleniumLibrary">
<arg>http://app.matglad.nu/#/startview</arg>
<arg>chrome</arg>
<doc>Opens a new browser instance to the optional ``url``.</doc>
<msg timestamp="20230314 19:51:07.706" level="INFO">Opening browser 'chrome' to base url 'http://app.matglad.nu/#/startview'.</msg>
<status status="PASS" starttime="20230314 19:51:07.705" endtime="20230314 19:51:11.823"/>
</kw>
<kw name="Maximize Browser Window" library="SeleniumLibrary">
<doc>Maximizes current browser window.</doc>
<status status="PASS" starttime="20230314 19:51:11.825" endtime="20230314 19:51:11.979"/>
</kw>
<kw name="Click Element" library="SeleniumLibrary">
<arg>xpath: //*[@id="settings-btn"]</arg>
<doc>Click the element identified by ``locator``.</doc>
<msg timestamp="20230314 19:51:11.981" level="INFO">Clicking element 'xpath: //*[@id="settings-btn"]'.</msg>
<status status="PASS" starttime="20230314 19:51:11.980" endtime="20230314 19:51:12.084"/>
</kw>
<kw name="Sleep" library="BuiltIn">
<arg>5</arg>
<doc>Pauses the test executed for the given time.</doc>
<msg timestamp="20230314 19:51:17.086" level="INFO">Slept 5 seconds</msg>
<status status="PASS" starttime="20230314 19:51:12.085" endtime="20230314 19:51:17.086"/>
</kw>
<kw name="Click Element" library="SeleniumLibrary">
<arg>xpath://*[@id="back-button"]</arg>
<doc>Click the element identified by ``locator``.</doc>
<msg timestamp="20230314 19:51:17.087" level="INFO">Clicking element 'xpath://*[@id="back-button"]'.</msg>
<status status="PASS" starttime="20230314 19:51:17.086" endtime="20230314 19:51:17.155"/>
</kw>
<kw name="Sleep" library="BuiltIn">
<arg>10</arg>
<doc>Pauses the test executed for the given time.</doc>
<msg timestamp="20230314 19:51:27.156" level="INFO">Slept 10 seconds</msg>
<status status="PASS" starttime="20230314 19:51:17.156" endtime="20230314 19:51:27.156"/>
</kw>
<kw name="Close Browser" library="SeleniumLibrary">
<doc>Closes the current browser.</doc>
<status status="PASS" starttime="20230314 19:51:27.158" endtime="20230314 19:51:29.643"/>
</kw>
<status status="PASS" starttime="20230314 19:51:07.705" endtime="20230314 19:51:29.645"/>
</test>
<status status="PASS" starttime="20230314 19:51:07.328" endtime="20230314 19:51:29.649"/>
</suite>
<statistics>
<total>
<stat pass="1" fail="0" skip="0">All Tests</stat>
</total>
<tag>
</tag>
<suite>
<stat pass="1" fail="0" skip="0" id="s1" name="TryMat">TryMat</stat>
</suite>
</statistics>
<errors>
</errors>
</robot>
